SF:lib\core\platforms\network_info.dart
DA:10,1
DA:11,1
DA:12,2
LF:3
LH:3
end_of_record
SF:lib\core\usecases\usecase.dart
DA:11,0
DA:12,0
DA:13,0
LF:3
LH:0
end_of_record
SF:lib\core\errors\failure.dart
DA:4,3
DA:5,2
DA:6,2
LF:3
LH:3
end_of_record
SF:lib\core\utils\input_converter.dart
DA:6,2
DA:8,2
DA:9,2
DA:10,2
DA:11,2
DA:12,4
LF:6
LH:6
end_of_record
SF:lib\features\number_trivia\data\datasources\number_trivia_local_data_source.dart
DA:18,0
DA:23,0
DA:25,0
DA:27,0
DA:29,0
DA:34,0
DA:35,0
DA:36,0
DA:37,0
LF:9
LH:0
end_of_record
SF:lib\features\number_trivia\data\datasources\number_trivia_remote_data_source.dart
DA:23,0
DA:25,0
DA:27,0
DA:29,0
DA:31,0
DA:33,0
DA:34,0
DA:36,0
DA:39,0
DA:40,0
DA:42,0
LF:11
LH:0
end_of_record
SF:lib\features\number_trivia\data\models\number_trivia_model.dart
DA:5,0
DA:6,0
DA:8,0
DA:9,0
DA:10,0
DA:11,0
DA:15,1
DA:16,1
DA:17,1
DA:18,1
LF:10
LH:4
end_of_record
SF:lib\features\number_trivia\domain\entities\number_travia.dart
DA:8,0
DA:9,0
DA:10,0
DA:12,0
DA:13,0
LF:5
LH:0
end_of_record
SF:lib\features\number_trivia\data\repositories\number_trivia_repository_impl.dart
DA:15,1
DA:19,0
DA:20,0
DA:21,0
DA:24,1
DA:26,2
DA:27,3
DA:31,1
DA:32,5
DA:35,1
DA:37,3
DA:40,2
DA:41,2
DA:42,1
DA:43,1
DA:44,2
DA:48,3
DA:49,1
DA:50,1
DA:51,2
LF:20
LH:17
end_of_record
SF:lib\features\number_trivia\domain\usecases\get_concrete_number_trivia.dart
DA:11,1
DA:14,1
DA:15,4
DA:22,1
DA:24,0
DA:25,0
LF:6
LH:4
end_of_record
SF:lib\features\number_trivia\domain\usecases\get_random_number_trivia.dart
DA:9,1
DA:12,1
DA:13,3
LF:3
LH:3
end_of_record
SF:lib\features\number_trivia\presentation\bloc\number_trivia_bloc.dart
DA:11,0
DA:12,0
DA:13,0
DA:15,0
DA:22,1
DA:26,0
DA:27,0
DA:28,0
DA:30,1
DA:31,1
DA:34,1
DA:37,1
DA:38,2
DA:40,1
DA:41,2
DA:45,1
DA:48,3
DA:50,2
DA:51,1
DA:52,1
DA:54,1
DA:55,2
DA:57,3
DA:58,2
DA:63,1
DA:64,2
DA:65,2
DA:66,2
DA:69,1
DA:72,2
DA:73,3
DA:74,2
DA:78,1
DA:79,1
DA:80,1
DA:82,1
LF:36
LH:29
end_of_record
SF:lib\features\number_trivia\presentation\bloc\number_trivia_event.dart
DA:6,1
DA:7,0
DA:8,0
DA:16,1
DA:18,0
DA:19,0
LF:6
LH:2
end_of_record
SF:lib\features\number_trivia\presentation\bloc\number_trivia_state.dart
DA:7,1
DA:8,1
DA:9,1
DA:19,1
DA:21,1
DA:22,2
DA:28,1
DA:30,1
DA:31,2
LF:9
LH:9
end_of_record
