SF:lib\blocs\setting_bloc\setting_bloc.dart
DA:6,0
DA:8,0
DA:11,0
DA:12,0
DA:13,0
DA:14,0
LF:6
LH:0
end_of_record
SF:lib\blocs\setting_bloc\setting_event.dart
DA:8,0
DA:9,0
LF:2
LH:0
end_of_record
SF:lib\blocs\setting_bloc\setting_state.dart
DA:4,3
DA:10,0
DA:11,0
DA:13,0
DA:14,0
LF:5
LH:1
end_of_record
SF:lib\blocs\theme_bloc\theme_bloc.dart
DA:10,0
DA:11,0
DA:12,0
DA:17,0
DA:18,0
DA:19,0
DA:23,0
DA:26,0
DA:27,0
DA:28,0
DA:29,0
DA:35,0
DA:36,0
DA:37,0
DA:38,0
DA:39,0
DA:45,0
DA:46,0
DA:47,0
DA:53,0
DA:54,0
DA:55,0
DA:56,0
DA:57,0
DA:63,0
DA:64,0
DA:65,0
DA:71,0
DA:72,0
DA:73,0
LF:30
LH:0
end_of_record
SF:lib\blocs\theme_bloc\theme_event.dart
DA:7,0
DA:13,0
DA:15,0
DA:16,0
LF:4
LH:0
end_of_record
SF:lib\blocs\theme_bloc\theme_state.dart
DA:10,0
DA:11,0
DA:12,0
DA:14,0
DA:15,0
LF:5
LH:0
end_of_record
SF:lib\blocs\weather_bloc\weather_bloc.dart
DA:10,1
DA:11,0
DA:16,1
DA:19,1
DA:20,2
DA:22,4
DA:23,2
DA:25,3
DA:28,1
DA:30,4
DA:31,2
DA:33,0
DA:38,1
DA:39,1
LF:14
LH:12
end_of_record
SF:lib\blocs\weather_bloc\weather_event.dart
DA:6,1
DA:10,1
DA:14,0
DA:15,0
DA:21,1
DA:23,0
DA:24,0
LF:7
LH:3
end_of_record
SF:lib\blocs\weather_bloc\weather_state.dart
DA:7,1
DA:9,1
DA:10,1
DA:18,1
DA:22,1
DA:23,2
DA:27,1
DA:31,1
DA:32,2
LF:9
LH:9
end_of_record
SF:lib\models\weather.dart
DA:3,1
DA:4,1
DA:5,1
DA:6,1
DA:7,1
DA:8,1
DA:9,1
DA:10,1
DA:11,1
DA:12,1
DA:13,1
DA:14,1
DA:18,1
DA:40,1
DA:41,1
DA:42,1
DA:43,1
DA:44,1
DA:45,1
DA:46,1
DA:47,1
DA:48,1
DA:49,1
DA:50,1
DA:53,0
DA:54,0
DA:55,0
DA:56,0
DA:57,0
DA:58,0
DA:59,0
DA:60,0
DA:61,0
DA:62,0
DA:63,0
DA:64,0
DA:65,0
DA:69,0
DA:72,0
DA:75,0
DA:78,0
DA:81,0
DA:84,0
DA:87,0
DA:90,0
DA:93,0
DA:96,0
DA:99,0
LF:48
LH:24
end_of_record
SF:lib\repos\weather_repo.dart
DA:7,0
DA:8,0
DA:12,0
DA:13,0
DA:14,0
LF:5
LH:0
end_of_record
SF:lib\repos\weather_api_client_impl.dart
DA:10,0
DA:12,0
DA:14,0
DA:19,0
DA:20,0
DA:21,0
DA:23,0
DA:24,0
DA:27,0
DA:28,0
DA:32,0
DA:33,0
DA:34,0
DA:35,0
DA:36,0
DA:38,0
DA:39,0
LF:17
LH:0
end_of_record
